2024-11-22T17:23:46+00:00 INFO GET /brands 200
Array
(
    [bluehost] => Array
        (
            [name] => Bluehost
        )

    [hostgator] => Array
        (
            [name] => Hostgator
        )

)

2024-11-22T17:23:46+00:00 INFO GET /brands 200
Array
(
    [bluehost] => Array
        (
            [name] => Bluehost
        )

    [hostgator] => Array
        (
            [name] => Hostgator
        )

)

2024-11-22T17:23:46+00:00 INFO Domain association file updated.
2024-11-22T17:23:47+00:00 INFO GET /brands 200
Array
(
    [bluehost] => Array
        (
            [name] => Bluehost
        )

    [hostgator] => Array
        (
            [name] => Hostgator
        )

)

2024-11-22T17:23:47+00:00 INFO GET /brands 200
Array
(
    [bluehost] => Array
        (
            [name] => Bluehost
        )

    [hostgator] => Array
        (
            [name] => Hostgator
        )

)

2024-11-22T17:23:47+00:00 INFO GET /live/hostgator/public-key 200
pk_live_51OIY4xAJ5HQh7CTk4YW20d7CFcUg9eEVseUYhAD2UM23O82ZwfSsGGl4qm1unjHBavabaSXVqRKjsEYI0tPWnUzR00ZIpRFsaP
2024-11-22T17:23:47+00:00 INFO GET /brands 200
Array
(
    [bluehost] => Array
        (
            [name] => Bluehost
        )

    [hostgator] => Array
        (
            [name] => Hostgator
        )

)

2024-11-22T17:23:47+00:00 INFO GET /brands 200
Array
(
    [bluehost] => Array
        (
            [name] => Bluehost
        )

    [hostgator] => Array
        (
            [name] => Hostgator
        )

)

